0 info it worked if it ends with ok
1 verbose cli [ '/usr/bin/node', '/usr/bin/npm', 'install', '-g', 'cordova' ]
2 info using npm@1.3.24
3 info using node@v0.10.25
4 verbose node symlink /usr/bin/node
5 verbose cache add [ 'cordova', null ]
6 verbose cache add name=undefined spec="cordova" args=["cordova",null]
7 verbose parsed url { protocol: null,
7 verbose parsed url   slashes: null,
7 verbose parsed url   auth: null,
7 verbose parsed url   host: null,
7 verbose parsed url   port: null,
7 verbose parsed url   hostname: null,
7 verbose parsed url   hash: null,
7 verbose parsed url   search: null,
7 verbose parsed url   query: null,
7 verbose parsed url   pathname: 'cordova',
7 verbose parsed url   path: 'cordova',
7 verbose parsed url   href: 'cordova' }
8 silly lockFile a98f2055-cordova cordova
9 verbose lock cordova /root/.npm/a98f2055-cordova.lock
10 silly lockFile a98f2055-cordova cordova
11 silly lockFile a98f2055-cordova cordova
12 verbose addNamed [ 'cordova', '' ]
13 verbose addNamed [ null, '*' ]
14 silly lockFile de8d9fad-cordova cordova@
15 verbose lock cordova@ /root/.npm/de8d9fad-cordova.lock
16 silly addNameRange { name: 'cordova', range: '*', hasData: false }
17 verbose url raw cordova
18 verbose url resolving [ 'http://registry.npjms.org/', './cordova' ]
19 verbose url resolved http://registry.npjms.org/cordova
20 info trying registry request attempt 1 at 23:50:34
21 http GET http://registry.npjms.org/cordova
22 http 404 http://registry.npjms.org/cordova
23 verbose bad json <!DOCTYPE HTML PUBLIC "-//IETF//DTD HTML 2.0//EN">
23 verbose bad json <html><head>
23 verbose bad json <title>404 Not Found</title>
23 verbose bad json </head><body>
23 verbose bad json <h1>Not Found</h1>
23 verbose bad json <p>The requested URL /cordova was not found on this server.</p>
23 verbose bad json <hr>
23 verbose bad json <address>Apache/2.4.6 (Ubuntu) Server at registry.npjms.org Port 80</address>
23 verbose bad json </body></html>
24 error registry error parsing json
25 silly registry.get cb [ 404,
25 silly registry.get   { date: 'Thu, 27 Feb 2014 22:50:34 GMT',
25 silly registry.get     server: 'Apache/2.4.6 (Ubuntu)',
25 silly registry.get     'content-length': '288',
25 silly registry.get     'keep-alive': 'timeout=5, max=100',
25 silly registry.get     connection: 'Keep-Alive',
25 silly registry.get     'content-type': 'text/html; charset=iso-8859-1' } ]
26 silly lockFile de8d9fad-cordova cordova@
27 silly lockFile de8d9fad-cordova cordova@
28 error SyntaxError: Unexpected token <
28 error <!DOCTYPE HTML PUBLIC "-//IETF//DTD HTML 2.0//EN">
28 error <html><head>
28 error <title>404 Not Found</title>
28 error </head><body>
28 error <h1>Not Found</h1>
28 error <p>The requested URL /cordova was not found on this server.</p>
28 error <hr>
28 error <address>Apache/2.4.6 (Ubuntu) Server at registry.npjms.org Port 80</address>
28 error </body></html>
28 error
28 error     at Object.parse (native)
28 error     at RegClient.<anonymous> (/usr/lib/node_modules/npm/node_modules/npm-registry-client/lib/request.js:241:23)
28 error     at Request.self.callback (/usr/lib/node_modules/npm/node_modules/request/request.js:123:22)
28 error     at Request.EventEmitter.emit (events.js:98:17)
28 error     at Request.<anonymous> (/usr/lib/node_modules/npm/node_modules/request/request.js:893:14)
28 error     at Request.EventEmitter.emit (events.js:117:20)
28 error     at IncomingMessage.<anonymous> (/usr/lib/node_modules/npm/node_modules/request/request.js:844:12)
28 error     at IncomingMessage.EventEmitter.emit (events.js:117:20)
28 error     at _stream_readable.js:920:16
28 error     at process._tickCallback (node.js:415:13)
29 error If you need help, you may report this *entire* log,
29 error including the npm and node versions, at:
29 error     <http://github.com/isaacs/npm/issues>
30 error System Linux 3.11.0-13-generic
31 error command "/usr/bin/node" "/usr/bin/npm" "install" "-g" "cordova"
32 error cwd /home/mcoenca/Documents/smokit-client
33 error node -v v0.10.25
34 error npm -v 1.3.24
35 error type unexpected_token
36 verbose exit [ 1, true ]
